\BOOKMARK [0][-]{chapter.1}{\376\377\000\332\000v\000o\000d}{}% 1
\BOOKMARK [0][-]{chapter.1}{\376\377\000\332\000v\000o\000d}{}% 2
\BOOKMARK [1][-]{section.1.1}{\376\377\000P\000r\000\341\000c\000e\000\040\000s\000\040\000d\000a\000t\000y}{chapter.1}% 3
\BOOKMARK [1][-]{section.1.2}{\376\377\000E\000x\000t\000r\000a\000k\000c\000e\000\040\000k\000l\000\355\001\015\000o\000v\000\375\000c\000h\000\040\000s\000l\000o\000v}{chapter.1}% 4
\BOOKMARK [1][-]{section.1.3}{\376\377\000P\001\131\000e\000k\000l\000a\000d\000\040\000d\000o\000\040\001\015\000e\001\141\000t\000i\000n\000y}{chapter.1}% 5
\BOOKMARK [1][-]{section.1.4}{\376\377\000D\000e\000t\000e\000k\000c\000e\000\040\000j\000a\000z\000y\000k\000a}{chapter.1}% 6
\BOOKMARK [1][-]{section.1.5}{\376\377\000W\000e\000b\000o\000v\000\341\000\040\000a\000p\000l\000i\000k\000a\000c\000e}{chapter.1}% 7
\BOOKMARK [1][-]{section.1.6}{\376\377\000T\000e\000s\000t\000o\000v\000\341\000n\000\355}{chapter.1}% 8
\BOOKMARK [0][-]{chapter.2}{\376\377\000Z\000a\000d\000\341\000n\000\355}{}% 9
\BOOKMARK [0][-]{chapter.3}{\376\377\000T\000e\000o\000r\000i\000e\000:\000\040\000J\000a\000k\000\040\000n\000a\000j\000\355\000t\000\040\000v\000h\000o\000d\000n\000\351\000\040\000o\000b\000r\000\341\000z\000k\000y}{}% 10
\BOOKMARK [1][-]{section.3.1}{\376\377\000P\000o\000p\000i\000s\000\040\000d\000a\000t\000o\000v\000\351\000\040\000s\000a\000d\000y}{chapter.3}% 11
\BOOKMARK [1][-]{section.3.2}{\376\377\000T\000e\000o\000r\000e\000t\000i\000c\000k\000\351\000\040\000c\000\355\000l\000e}{chapter.3}% 12
\BOOKMARK [1][-]{section.3.3}{\376\377\000R\000e\001\141\000e\000r\001\141\000e\000,\000\040\000v\000h\000o\000d\000n\000\351\000\040\000a\000l\000g\000o\000r\000i\000t\000m\000y}{chapter.3}% 13
\BOOKMARK [2][-]{subsection.3.3.1}{\376\377\000T\000F\000-\000I\000D\000F}{section.3.3}% 14
\BOOKMARK [2][-]{subsection.3.3.2}{\376\377\000E\000x\000t\000r\000a\000k\000c\000e\000\040\000b\000e\000z\000\040\000k\000o\000r\000p\000u\000s\000u}{section.3.3}% 15
\BOOKMARK [1][-]{section.3.4}{\376\377\001\130\000e\001\141\000e\000n\000\355\000:\000\040\000j\000a\000k\000\351\000\040\000a\000l\000g\000o\000r\000i\000t\000m\000y\000\040\000z\000v\000o\000l\000e\000n\000y\000,\000\040\000z\000\355\000s\000k\000\341\000n\000\355\000\040\000t\000r\000\351\000n\000i\000n\000k\000o\000v\000\375\000c\000h\000\040\000d\000a\000t}{chapter.3}% 16
\BOOKMARK [1][-]{section.3.5}{\376\377\000E\000v\000a\000l\000u\000a\000c\000e\000\040\000v\000\375\000s\000l\000e\000d\000k\001\157}{chapter.3}% 17
\BOOKMARK [0][-]{chapter.4}{\376\377\000T\000v\000o\000r\000b\000a\000\040\000m\000u\000l\000t\000i\000j\000a\000z\000y\001\015\000n\000\351\000h\000o\000\040\000v\000y\000h\000l\000e\000d\000\341\000v\000\341\000n\000\355}{}% 18
\BOOKMARK [1][-]{section.4.1}{\376\377\000S\000t\000r\000o\000j\000o\000v\000\375\000\040\000p\001\131\000e\000k\000l\000a\000d}{chapter.4}% 19
\BOOKMARK [1][-]{section.4.2}{\376\377\000F\000r\000\341\000z\000o\000v\000\375\000\040\000s\000t\000r\000o\000j\000o\000v\000\375\000\040\000p\001\131\000e\000k\000l\000a\000d}{chapter.4}% 20
\BOOKMARK [1][-]{section.4.3}{\376\377\000C\000h\000a\000r\000a\000k\000t\000e\000r\000i\000s\000t\000i\000k\000a\000\040\000d\000a\000t\000\040\000p\000r\000o\000\040\000p\001\131\000e\000k\000l\000a\000d}{chapter.4}% 21
\BOOKMARK [2][-]{subsection.4.3.1}{\376\377\000P\001\131\000e\000k\000l\000a\000d\000\040\000v\001\033\000t}{section.4.3}% 22
\BOOKMARK [2][-]{subsection.4.3.2}{\376\377\000P\001\131\000e\000k\000l\000a\000d\000\040\000s\000l\000o\000v}{section.4.3}% 23
\BOOKMARK [2][-]{subsection.4.3.3}{\376\377\000P\001\131\000e\000k\000l\000a\000d\000\040\000f\000r\000\341\000z\000\355}{section.4.3}% 24
\BOOKMARK [1][-]{section.4.4}{\376\377\000Z\000\341\000v\001\033\000r\000\040\000p\001\131\000e\000k\000l\000a\000d\000u}{chapter.4}% 25
\BOOKMARK [0][-]{chapter.5}{\376\377\000B\000a\000c\000k\000e\000n\000d}{}% 26
\BOOKMARK [1][-]{section.5.1}{\376\377\000D\000a\000t\000a\000b\000\341\000z\000e}{chapter.5}% 27
\BOOKMARK [1][-]{section.5.2}{\376\377\000P\000r\000o\000g\000r\000a\000m\000o\000v\000a\000c\000\355\000\040\000j\000a\000z\000y\000k}{chapter.5}% 28
\BOOKMARK [2][-]{subsection.5.2.1}{\376\377\000N\000o\000d\000e\000J\000S}{section.5.2}% 29
\BOOKMARK [2][-]{subsection.5.2.2}{\376\377\000G\000o}{section.5.2}% 30
\BOOKMARK [2][-]{subsection.5.2.3}{\376\377\000R\000u\000b\000y\000\040\000a\000\040\000R\000u\000b\000y\000\040\000o\000n\000\040\000R\000a\000i\000l\000s}{section.5.2}% 31
\BOOKMARK [1][-]{section.5.3}{\376\377\000K\000o\000m\000u\000n\000i\000k\000a\000c\000e\000\040\000f\000r\000o\000n\000t\000e\000n\000d\000-\000b\000a\000c\000k\000e\000n\000d}{chapter.5}% 32
\BOOKMARK [2][-]{subsection.5.3.1}{\376\377\000F\000o\000r\000m\000\341\000t\000\040\000d\000a\000t}{section.5.3}% 33
\BOOKMARK [2][-]{subsection.5.3.2}{\376\377\000R\000E\000S\000T\000\040\000A\000P\000I}{section.5.3}% 34
\BOOKMARK [2][-]{subsection.5.3.3}{\376\377\000W\000e\000b\000s\000o\000c\000k\000e\000t}{section.5.3}% 35
\BOOKMARK [1][-]{section.5.4}{\376\377\000S\000h\000r\000n\000u\000t\000\355}{chapter.5}% 36
\BOOKMARK [0][-]{chapter.6}{\376\377\000S\000t\000e\000m\000m\000e\000r}{}% 37
\BOOKMARK [1][-]{section.6.1}{\376\377\001\014\000e\000s\000k\000\375\000\040\000s\000t\000e\000m\000m\000e\000r}{chapter.6}% 38
\BOOKMARK [0][-]{chapter.7}{\376\377\000P\000r\000a\000k\000t\000i\000c\000k\000\341\000\040\001\015\000\341\000s\000t\000:\000\040\000I\000m\000p\000l\000e\000m\000e\000n\000t\000a\000c\000e\000\040\000m\000o\000d\000e\000r\000n\000\355\000\040\000w\000e\000b\000o\000v\000\351\000\040\000a\000p\000l\000i\000k\000a\000c\000e}{}% 39
\BOOKMARK [1][-]{section.7.1}{\376\377\000F\000r\000o\000n\000t\000e\000n\000d\000:\000\040\000A\000J\000A\000X\000o\000v\000\341\000\040\000a\000p\000l\000i\000k\000a\000c\000e\000\040\000n\000a\000\040\000z\000o\000b\000r\000a\000z\000o\000v\000\341\000n\000\355\000\040\000o\000b\000r\000\341\000z\000k\001\157}{chapter.7}% 40
\BOOKMARK [1][-]{section.7.2}{\376\377\000A\000n\000o\000t\000a\001\015\000n\000\355\000\040\000r\000o\000z\000h\000r\000a\000n\000\355}{chapter.7}% 41
\BOOKMARK [1][-]{section.7.3}{\376\377\000N\000\341\000v\000o\000d\000\040\000k\000\040\000p\000o\000u\001\176\000i\000t\000\355}{chapter.7}% 42
\BOOKMARK [1][-]{section.7.4}{\376\377\000P\000r\000e\000k\000l\000a\000d}{chapter.7}% 43
\BOOKMARK [0][-]{chapter.8}{\376\377\000M\000o\001\176\000n\000o\000s\000t\000i\000\040\000t\000v\000o\000r\000b\000y\000\040\000m\000o\000d\000e\000r\000n\000\355\000h\000o\000\040\000w\000e\000b\000o\000v\000\351\000h\000o\000\040\000f\000r\000o\000n\000t\000e\000n\000d\000u}{}% 44
\BOOKMARK [1][-]{section.8.1}{\376\377\000M\000o\001\176\000n\000o\000s\000t\000i\000\040\000p\000r\000o\000g\000r\000a\000m\000o\000v\000\341\000n\000\355\000\040\000f\000r\000o\000n\000t\000e\000n\000d\000u}{chapter.8}% 45
\BOOKMARK [1][-]{section.8.2}{\376\377\000J\000a\000v\000a\000S\000c\000r\000i\000p\000t\000o\000v\000\351\000\040\000f\000r\000a\000m\000e\000w\000o\000r\000k\000y}{chapter.8}% 46
\BOOKMARK [2][-]{subsection.8.2.1}{\376\377\000j\000Q\000u\000e\000r\000y}{section.8.2}% 47
\BOOKMARK [2][-]{subsection.8.2.2}{\376\377\000G\000o\000o\000g\000l\000e\000\040\000C\000l\000o\000s\000u\000r\000e}{section.8.2}% 48
\BOOKMARK [1][-]{section.8.3}{\376\377\000S\000t\000y\000l\000o\000v\000\341\000n\000\355\000\040\000u\001\176\000i\000v\000a\000t\000e\000l\000s\000k\000\351\000h\000o\000\040\000r\000o\000z\000h\000r\000a\000n\000\355\000\040\000a\000\040\000C\000S\000S}{chapter.8}% 49
\BOOKMARK [0][-]{chapter.9}{\376\377\000I\000n\000s\000t\000a\000l\000a\000c\000e\000\040\000a\000\040\000z\000p\000r\000o\000v\000o\000z\000n\001\033\000n\000\355}{}% 50
\BOOKMARK [1][-]{section.9.1}{\376\377\000I\000n\000s\000t\000a\000l\000a\000c\000e}{chapter.9}% 51
\BOOKMARK [1][-]{section.9.2}{\376\377\000P\000r\000\341\000c\000e\000\040\000s\000\040\000m\000e\000t\000a\000d\000a\000t\000y\000\040\000k\000\040\000o\000b\000r\000\341\000z\000k\001\157\000m}{chapter.9}% 52
\BOOKMARK [1][-]{section.9.3}{\376\377\000P\001\131\000e\000k\000l\000a\000d\000\040\000m\000e\000t\000a\000d\000a\000t}{chapter.9}% 53
\BOOKMARK [2][-]{subsection.9.3.1}{\376\377\000E\000x\000p\000o\000r\000t\000\040\000s\000l\000o\000v\000\040\000a\000\040\000f\000r\000\341\000z\000\355}{section.9.3}% 54
\BOOKMARK [1][-]{section.9.4}{\376\377\000J\000a\000z\000y\000k\000o\000v\000\375\000\040\000k\000o\000r\000p\000u\000s}{chapter.9}% 55
\BOOKMARK [1][-]{section.9.5}{\376\377\000P\001\131\000\355\000p\000r\000a\000v\000a\000\040\000d\000a\000t\000\040\000p\000r\000o\000\040\000d\000e\000t\000e\000k\000c\000i\000\040\000j\000a\000z\000y\000k\001\157}{chapter.9}% 56
\BOOKMARK [1][-]{section.9.6}{\376\377\000I\000m\000p\000o\000r\000t\000\040\000d\000a\000t\000\040\000d\000o\000\040\000d\000a\000t\000a\000b\000\341\000z\000e}{chapter.9}% 57
\BOOKMARK [1][-]{section.9.7}{\376\377\000I\000m\000p\000o\000r\000t\000\040\000m\000e\000t\000a\000d\000a\000t\000\040\000o\000b\000r\000\341\000z\000k\001\157}{chapter.9}% 58
\BOOKMARK [0][-]{chapter.10}{\376\377\000A\000n\000o\000t\000a\001\015\000n\000\355\000\040\000r\000o\000z\000h\000r\000a\000n\000\355}{}% 59
\BOOKMARK [1][-]{section.10.1}{\376\377\000I\000n\000s\000t\000a\000l\000a\000c\000e\000\040\000r\000o\000z\000h\000r\000a\000n\000\355}{chapter.10}% 60
\BOOKMARK [1][-]{section.10.2}{\376\377\000P\001\131\000i\000d\000\341\000n\000\355\000\040\000u\001\176\000i\000v\000a\000t\000e\000l\001\157}{chapter.10}% 61
\BOOKMARK [1][-]{section.10.3}{\376\377\000I\000m\000p\000o\000r\000t\000\040\000a\000n\000o\000t\000a\001\015\000n\000\355\000c\000h\000\040\000d\000a\000t}{chapter.10}% 62
\BOOKMARK [1][-]{section.10.4}{\376\377\000E\000x\000p\000o\000r\000t\000\040\000a\000n\000o\000t\000a\001\015\000n\000\355\000c\000h\000\040\000d\000a\000t}{chapter.10}% 63
\BOOKMARK [1][-]{section.10.5}{\376\377\000I\000m\000p\000o\000r\000t\000\040\000o\000b\000r\000\341\000z\000k\001\157\000\040\000a\000\040\000t\000e\000x\000t\001\157}{chapter.10}% 64
\BOOKMARK [1][-]{section.10.6}{\376\377\000A\000n\000o\000t\000a\001\015\000n\000\355\000\040\000p\000r\000o\000c\000e\000s}{chapter.10}% 65
\BOOKMARK [0][-]{chapter.11}{\376\377\000E\000v\000a\000l\000u\000a\000c\000e\000\040\000v\000\375\000s\000l\000e\000d\000k\001\157}{}% 66
\BOOKMARK [1][-]{section.11.1}{\376\377\000M\000e\000t\000o\000d\000i\000k\000a}{chapter.11}% 67
\BOOKMARK [1][-]{section.11.2}{\376\377\000V\000\375\000s\000l\000e\000d\000k\000y}{chapter.11}% 68
\BOOKMARK [1][-]{section.11.3}{\376\377\000M\000o\001\176\000n\000\341\000\040\000z\000l\000e\000p\001\141\000e\000n\000\355}{chapter.11}% 69
\BOOKMARK [0][-]{chapter.12}{\376\377\000Z\000\341\000v\001\033\000r}{}% 70
\BOOKMARK [0][-]{chapter.12}{\376\377\000Z\000\341\000v\001\033\000r}{}% 71
\BOOKMARK [0][-]{chapter*.2}{\376\377\000S\000e\000z\000n\000a\000m\000\040\000p\000o\000u\001\176\000i\000t\000\351\000\040\000l\000i\000t\000e\000r\000a\000t\000u\000r\000y}{}% 72
\BOOKMARK [0][-]{chapter*.3}{\376\377\000S\000e\000z\000n\000a\000m\000\040\000t\000a\000b\000u\000l\000e\000k}{}% 73
\BOOKMARK [0][-]{chapter*.4}{\376\377\000S\000e\000z\000n\000a\000m\000\040\000p\000o\000u\001\176\000i\000t\000\375\000c\000h\000\040\000z\000k\000r\000a\000t\000e\000k}{}% 74
\BOOKMARK [0][-]{chapter*.5}{\376\377\000P\001\131\000\355\000l\000o\000h\000y}{}% 75
