This is pdfTeX, Version 3.1415926-2.5-1.40.14 (TeX Live 2013) (format=cslatex 2014.4.6)  4 JUL 2014 00:46
entering extended mode
 restricted \write18 enabled.
 %&-line parsing enabled.
**prace.tex
(./prace.tex
***** WARNING ******** CSLaTeX is obsolete, don't use it please *****
***** You can use ``normal'' LaTeX+Babel or XeLaTeX+polyglossia *****
LaTeX2e <2011/06/27>
Loading CZ hyphenation patterns: Pavel Sevecek, v3, 1995
Loading SK hyphenation patterns: Jana Chlebikova, 1992
(/usr/local/texlive/2013/texmf-dist/tex/latex/base/report.cls
Document Class: report 2007/10/19 v1.4h Standard LaTeX document class
(/usr/local/texlive/2013/texmf-dist/tex/latex/base/size12.clo
File: size12.clo 2007/10/19 v1.4h Standard LaTeX file (size option)
)
\c@part=\count79
\c@chapter=\count80
\c@section=\count81
\c@subsection=\count82
\c@subsubsection=\count83
\c@paragraph=\count84
\c@subparagraph=\count85
\c@figure=\count86
\c@table=\count87
\abovecaptionskip=\skip41
\belowcaptionskip=\skip42
\bibindent=\dimen102
)
(/usr/local/texlive/2013/texmf-dist/tex/cslatex/base/czech.sty
Package: czech 2002/07/19 v2.4 CSTeX czech style
)
(/usr/local/texlive/2013/texmf-dist/tex/latex/base/inputenc.sty
Package: inputenc 2008/03/30 v1.1d Input encoding file
\inpenc@prehook=\toks16
\inpenc@posthook=\toks17

(/usr/local/texlive/2013/texmf-dist/tex/latex/base/utf8.def
File: utf8.def 2008/04/05 v1.1m UTF-8 support for inputenc
Now handling font encoding OML ...
... no UTF-8 mapping file for font encoding OML
Now handling font encoding T1 ...
... processing UTF-8 mapping file for font encoding T1

(/usr/local/texlive/2013/texmf-dist/tex/latex/base/t1enc.dfu
File: t1enc.dfu 2008/04/05 v1.1m UTF-8 support for inputenc
   defining Unicode char U+00A1 (decimal 161)
   defining Unicode char U+00A3 (decimal 163)
   defining Unicode char U+00AB (decimal 171)
   defining Unicode char U+00BB (decimal 187)
   defining Unicode char U+00BF (decimal 191)
   defining Unicode char U+00C0 (decimal 192)
   defining Unicode char U+00C1 (decimal 193)
   defining Unicode char U+00C2 (decimal 194)
   defining Unicode char U+00C3 (decimal 195)
   defining Unicode char U+00C4 (decimal 196)
   defining Unicode char U+00C5 (decimal 197)
   defining Unicode char U+00C6 (decimal 198)
   defining Unicode char U+00C7 (decimal 199)
   defining Unicode char U+00C8 (decimal 200)
   defining Unicode char U+00C9 (decimal 201)
   defining Unicode char U+00CA (decimal 202)
   defining Unicode char U+00CB (decimal 203)
   defining Unicode char U+00CC (decimal 204)
   defining Unicode char U+00CD (decimal 205)
   defining Unicode char U+00CE (decimal 206)
   defining Unicode char U+00CF (decimal 207)
   defining Unicode char U+00D0 (decimal 208)
   defining Unicode char U+00D1 (decimal 209)
   defining Unicode char U+00D2 (decimal 210)
   defining Unicode char U+00D3 (decimal 211)
   defining Unicode char U+00D4 (decimal 212)
   defining Unicode char U+00D5 (decimal 213)
   defining Unicode char U+00D6 (decimal 214)
   defining Unicode char U+00D8 (decimal 216)
   defining Unicode char U+00D9 (decimal 217)
   defining Unicode char U+00DA (decimal 218)
   defining Unicode char U+00DB (decimal 219)
   defining Unicode char U+00DC (decimal 220)
   defining Unicode char U+00DD (decimal 221)
   defining Unicode char U+00DE (decimal 222)
   defining Unicode char U+00DF (decimal 223)
   defining Unicode char U+00E0 (decimal 224)
   defining Unicode char U+00E1 (decimal 225)
   defining Unicode char U+00E2 (decimal 226)
   defining Unicode char U+00E3 (decimal 227)
   defining Unicode char U+00E4 (decimal 228)
   defining Unicode char U+00E5 (decimal 229)
   defining Unicode char U+00E6 (decimal 230)
   defining Unicode char U+00E7 (decimal 231)
   defining Unicode char U+00E8 (decimal 232)
   defining Unicode char U+00E9 (decimal 233)
   defining Unicode char U+00EA (decimal 234)
   defining Unicode char U+00EB (decimal 235)
   defining Unicode char U+00EC (decimal 236)
   defining Unicode char U+00ED (decimal 237)
   defining Unicode char U+00EE (decimal 238)
   defining Unicode char U+00EF (decimal 239)
   defining Unicode char U+00F0 (decimal 240)
   defining Unicode char U+00F1 (decimal 241)
   defining Unicode char U+00F2 (decimal 242)
   defining Unicode char U+00F3 (decimal 243)
   defining Unicode char U+00F4 (decimal 244)
   defining Unicode char U+00F5 (decimal 245)
   defining Unicode char U+00F6 (decimal 246)
   defining Unicode char U+00F8 (decimal 248)
   defining Unicode char U+00F9 (decimal 249)
   defining Unicode char U+00FA (decimal 250)
   defining Unicode char U+00FB (decimal 251)
   defining Unicode char U+00FC (decimal 252)
   defining Unicode char U+00FD (decimal 253)
   defining Unicode char U+00FE (decimal 254)
   defining Unicode char U+00FF (decimal 255)
   defining Unicode char U+0102 (decimal 258)
   defining Unicode char U+0103 (decimal 259)
   defining Unicode char U+0104 (decimal 260)
   defining Unicode char U+0105 (decimal 261)
   defining Unicode char U+0106 (decimal 262)
   defining Unicode char U+0107 (decimal 263)
   defining Unicode char U+010C (decimal 268)
   defining Unicode char U+010D (decimal 269)
   defining Unicode char U+010E (decimal 270)
   defining Unicode char U+010F (decimal 271)
   defining Unicode char U+0110 (decimal 272)
   defining Unicode char U+0111 (decimal 273)
   defining Unicode char U+0118 (decimal 280)
   defining Unicode char U+0119 (decimal 281)
   defining Unicode char U+011A (decimal 282)
   defining Unicode char U+011B (decimal 283)
   defining Unicode char U+011E (decimal 286)
   defining Unicode char U+011F (decimal 287)
   defining Unicode char U+0130 (decimal 304)
   defining Unicode char U+0131 (decimal 305)
   defining Unicode char U+0132 (decimal 306)
   defining Unicode char U+0133 (decimal 307)
   defining Unicode char U+0139 (decimal 313)
   defining Unicode char U+013A (decimal 314)
   defining Unicode char U+013D (decimal 317)
   defining Unicode char U+013E (decimal 318)
   defining Unicode char U+0141 (decimal 321)
   defining Unicode char U+0142 (decimal 322)
   defining Unicode char U+0143 (decimal 323)
   defining Unicode char U+0144 (decimal 324)
   defining Unicode char U+0147 (decimal 327)
   defining Unicode char U+0148 (decimal 328)
   defining Unicode char U+014A (decimal 330)
   defining Unicode char U+014B (decimal 331)
   defining Unicode char U+0150 (decimal 336)
   defining Unicode char U+0151 (decimal 337)
   defining Unicode char U+0152 (decimal 338)
   defining Unicode char U+0153 (decimal 339)
   defining Unicode char U+0154 (decimal 340)
   defining Unicode char U+0155 (decimal 341)
   defining Unicode char U+0158 (decimal 344)
   defining Unicode char U+0159 (decimal 345)
   defining Unicode char U+015A (decimal 346)
   defining Unicode char U+015B (decimal 347)
   defining Unicode char U+015E (decimal 350)
   defining Unicode char U+015F (decimal 351)
   defining Unicode char U+0160 (decimal 352)
   defining Unicode char U+0161 (decimal 353)
   defining Unicode char U+0162 (decimal 354)
   defining Unicode char U+0163 (decimal 355)
   defining Unicode char U+0164 (decimal 356)
   defining Unicode char U+0165 (decimal 357)
   defining Unicode char U+016E (decimal 366)
   defining Unicode char U+016F (decimal 367)
   defining Unicode char U+0170 (decimal 368)
   defining Unicode char U+0171 (decimal 369)
   defining Unicode char U+0178 (decimal 376)
   defining Unicode char U+0179 (decimal 377)
   defining Unicode char U+017A (decimal 378)
   defining Unicode char U+017B (decimal 379)
   defining Unicode char U+017C (decimal 380)
   defining Unicode char U+017D (decimal 381)
   defining Unicode char U+017E (decimal 382)
   defining Unicode char U+200C (decimal 8204)
   defining Unicode char U+2013 (decimal 8211)
   defining Unicode char U+2014 (decimal 8212)
   defining Unicode char U+2018 (decimal 8216)
   defining Unicode char U+2019 (decimal 8217)
   defining Unicode char U+201A (decimal 8218)
   defining Unicode char U+201C (decimal 8220)
   defining Unicode char U+201D (decimal 8221)
   defining Unicode char U+201E (decimal 8222)
   defining Unicode char U+2030 (decimal 8240)
   defining Unicode char U+2031 (decimal 8241)
   defining Unicode char U+2039 (decimal 8249)
   defining Unicode char U+203A (decimal 8250)
   defining Unicode char U+2423 (decimal 9251)
)
Now handling font encoding OT1 ...
... processing UTF-8 mapping file for font encoding OT1

(/usr/local/texlive/2013/texmf-dist/tex/latex/base/ot1enc.dfu
File: ot1enc.dfu 2008/04/05 v1.1m UTF-8 support for inputenc
   defining Unicode char U+00A1 (decimal 161)
   defining Unicode char U+00A3 (decimal 163)
   defining Unicode char U+00B8 (decimal 184)
   defining Unicode char U+00BF (decimal 191)
   defining Unicode char U+00C5 (decimal 197)
   defining Unicode char U+00C6 (decimal 198)
   defining Unicode char U+00D8 (decimal 216)
   defining Unicode char U+00DF (decimal 223)
   defining Unicode char U+00E6 (decimal 230)
   defining Unicode char U+00EC (decimal 236)
   defining Unicode char U+00ED (decimal 237)
   defining Unicode char U+00EE (decimal 238)
   defining Unicode char U+00EF (decimal 239)
   defining Unicode char U+00F8 (decimal 248)
   defining Unicode char U+0131 (decimal 305)
   defining Unicode char U+0141 (decimal 321)
   defining Unicode char U+0142 (decimal 322)
   defining Unicode char U+0152 (decimal 338)
   defining Unicode char U+0153 (decimal 339)
   defining Unicode char U+2013 (decimal 8211)
   defining Unicode char U+2014 (decimal 8212)
   defining Unicode char U+2018 (decimal 8216)
   defining Unicode char U+2019 (decimal 8217)
   defining Unicode char U+201C (decimal 8220)
   defining Unicode char U+201D (decimal 8221)
)
Now handling font encoding IL2 ...
... no UTF-8 mapping file for font encoding IL2
Now handling font encoding OMS ...
... processing UTF-8 mapping file for font encoding OMS

(/usr/local/texlive/2013/texmf-dist/tex/latex/base/omsenc.dfu
File: omsenc.dfu 2008/04/05 v1.1m UTF-8 support for inputenc
   defining Unicode char U+00A7 (decimal 167)
   defining Unicode char U+00B6 (decimal 182)
   defining Unicode char U+00B7 (decimal 183)
   defining Unicode char U+2020 (decimal 8224)
   defining Unicode char U+2021 (decimal 8225)
   defining Unicode char U+2022 (decimal 8226)
)
Now handling font encoding OMX ...
... no UTF-8 mapping file for font encoding OMX
Now handling font encoding U ...
... no UTF-8 mapping file for font encoding U
   defining Unicode char U+00A9 (decimal 169)
   defining Unicode char U+00AA (decimal 170)
   defining Unicode char U+00AE (decimal 174)
   defining Unicode char U+00BA (decimal 186)
   defining Unicode char U+02C6 (decimal 710)
   defining Unicode char U+02DC (decimal 732)
   defining Unicode char U+200C (decimal 8204)
   defining Unicode char U+2026 (decimal 8230)
   defining Unicode char U+2122 (decimal 8482)
   defining Unicode char U+2423 (decimal 9251)
))
(/usr/local/texlive/2013/texmf-dist/tex/latex/graphics/graphicx.sty
Package: graphicx 1999/02/16 v1.0f Enhanced LaTeX Graphics (DPC,SPQR)

(/usr/local/texlive/2013/texmf-dist/tex/latex/graphics/keyval.sty
Package: keyval 1999/03/16 v1.13 key=value parser (DPC)
\KV@toks@=\toks18
)
(/usr/local/texlive/2013/texmf-dist/tex/latex/graphics/graphics.sty
Package: graphics 2009/02/05 v1.0o Standard LaTeX Graphics (DPC,SPQR)

(/usr/local/texlive/2013/texmf-dist/tex/latex/graphics/trig.sty
Package: trig 1999/03/16 v1.09 sin cos tan (DPC)
)
(/usr/local/texlive/2013/texmf-dist/tex/latex/latexconfig/graphics.cfg
File: graphics.cfg 2010/04/23 v1.9 graphics configuration of TeX Live
)
Package graphics Info: Driver file: dvips.def on input line 91.

(/usr/local/texlive/2013/texmf-dist/tex/latex/graphics/dvips.def
File: dvips.def 1999/02/16 v3.0i Driver-dependant file (DPC,SPQR)
))
\Gin@req@height=\dimen103
\Gin@req@width=\dimen104
)
(/usr/local/texlive/2013/texmf-dist/tex/latex/amscls/amsthm.sty
Package: amsthm 2004/08/06 v2.20
\thm@style=\toks19
\thm@bodyfont=\toks20
\thm@headfont=\toks21
\thm@notefont=\toks22
\thm@headpunct=\toks23
\thm@preskip=\skip43
\thm@postskip=\skip44
\thm@headsep=\skip45
\dth@everypar=\toks24
)
(/usr/local/texlive/2013/texmf-dist/tex/latex/listings/listings.sty
\lst@mode=\count88
\lst@gtempboxa=\box26
\lst@token=\toks25
\lst@length=\count89
\lst@currlwidth=\dimen105
\lst@column=\count90
\lst@pos=\count91
\lst@lostspace=\dimen106
\lst@width=\dimen107
\lst@newlines=\count92
\lst@lineno=\count93
\lst@maxwidth=\dimen108

(/usr/local/texlive/2013/texmf-dist/tex/latex/listings/lstmisc.sty
File: lstmisc.sty 2007/02/22 1.4 (Carsten Heinz)
\c@lstnumber=\count94
\lst@skipnumbers=\count95
\lst@framebox=\box27
)
(/usr/local/texlive/2013/texmf-dist/tex/latex/listings/listings.cfg
File: listings.cfg 2007/02/22 1.4 listings configuration
))
Package: listings 2007/02/22 1.4 (Carsten Heinz)

(/usr/local/texlive/2013/texmf-dist/tex/latex/xcolor/xcolor.sty
Package: xcolor 2007/01/21 v2.11 LaTeX color extensions (UK)

(/usr/local/texlive/2013/texmf-dist/tex/latex/latexconfig/color.cfg
File: color.cfg 2007/01/18 v1.5 color configuration of teTeX/TeXLive
)
Package xcolor Info: Driver file: dvips.def on input line 225.
Package xcolor Info: Model `cmy' substituted by `cmy0' on input line 1337.
Package xcolor Info: Model `RGB' extended on input line 1353.
Package xcolor Info: Model `HTML' substituted by `rgb' on input line 1355.
Package xcolor Info: Model `Hsb' substituted by `hsb' on input line 1356.
Package xcolor Info: Model `tHsb' substituted by `hsb' on input line 1357.
Package xcolor Info: Model `HSB' substituted by `hsb' on input line 1358.
Package xcolor Info: Model `Gray' substituted by `gray' on input line 1359.
Package xcolor Info: Model `wave' substituted by `hsb' on input line 1360.

(/usr/local/texlive/2013/texmf-dist/tex/latex/graphics/dvipsnam.def
File: dvipsnam.def 1999/02/16 v3.0i Driver-dependant file (DPC,SPQR)
))
(/usr/local/texlive/2013/texmf-dist/tex/latex/hyperref/hyperref.sty
Package: hyperref 2012/11/06 v6.83m Hypertext links for LaTeX

(/usr/local/texlive/2013/texmf-dist/tex/generic/oberdiek/hobsub-hyperref.sty
Package: hobsub-hyperref 2012/05/28 v1.13 Bundle oberdiek, subset hyperref (HO)


(/usr/local/texlive/2013/texmf-dist/tex/generic/oberdiek/hobsub-generic.sty
Package: hobsub-generic 2012/05/28 v1.13 Bundle oberdiek, subset generic (HO)
Package: hobsub 2012/05/28 v1.13 Construct package bundles (HO)
Package: infwarerr 2010/04/08 v1.3 Providing info/warning/error messages (HO)
Package: ltxcmds 2011/11/09 v1.22 LaTeX kernel commands for general use (HO)
Package: ifluatex 2010/03/01 v1.3 Provides the ifluatex switch (HO)
Package ifluatex Info: LuaTeX not detected.
Package: ifvtex 2010/03/01 v1.5 Detect VTeX and its facilities (HO)
Package ifvtex Info: VTeX not detected.
Package: intcalc 2007/09/27 v1.1 Expandable calculations with integers (HO)
Package: ifpdf 2011/01/30 v2.3 Provides the ifpdf switch (HO)
Package ifpdf Info: pdfTeX in PDF mode is not detected.
Package: etexcmds 2011/02/16 v1.5 Avoid name clashes with e-TeX commands (HO)
Package etexcmds Info: Could not find \expanded.
(etexcmds)             That can mean that you are not using pdfTeX 1.50 or
(etexcmds)             that some package has redefined \expanded.
(etexcmds)             In the latter case, load this package earlier.
Package: kvsetkeys 2012/04/25 v1.16 Key value parser (HO)
Package: kvdefinekeys 2011/04/07 v1.3 Define keys (HO)
Package: pdftexcmds 2011/11/29 v0.20 Utility functions of pdfTeX for LuaTeX (HO
)
Package pdftexcmds Info: LuaTeX not detected.
Package pdftexcmds Info: \pdf@primitive is available.
Package pdftexcmds Info: \pdf@ifprimitive is available.
Package pdftexcmds Info: \pdfdraftmode is ignored in DVI mode.
Package: pdfescape 2011/11/25 v1.13 Implements pdfTeX's escape features (HO)
Package: bigintcalc 2012/04/08 v1.3 Expandable calculations on big integers (HO
)
Package: bitset 2011/01/30 v1.1 Handle bit-vector datatype (HO)
Package: uniquecounter 2011/01/30 v1.2 Provide unlimited unique counter (HO)
)
Package hobsub Info: Skipping package `hobsub' (already loaded).
Package: letltxmacro 2010/09/02 v1.4 Let assignment for LaTeX macros (HO)
Package: hopatch 2012/05/28 v1.2 Wrapper for package hooks (HO)
Package: xcolor-patch 2011/01/30 xcolor patch
Package: atveryend 2011/06/30 v1.8 Hooks at the very end of document (HO)
Package atveryend Info: \enddocument detected (standard20110627).
Package: atbegshi 2011/10/05 v1.16 At begin shipout hook (HO)
Package: refcount 2011/10/16 v3.4 Data extraction from label references (HO)
Package: hycolor 2011/01/30 v1.7 Color options for hyperref/bookmark (HO)
)
(/usr/local/texlive/2013/texmf-dist/tex/generic/ifxetex/ifxetex.sty
Package: ifxetex 2010/09/12 v0.6 Provides ifxetex conditional
)
(/usr/local/texlive/2013/texmf-dist/tex/latex/oberdiek/auxhook.sty
Package: auxhook 2011/03/04 v1.3 Hooks for auxiliary files (HO)
)
(/usr/local/texlive/2013/texmf-dist/tex/latex/oberdiek/kvoptions.sty
Package: kvoptions 2011/06/30 v3.11 Key value format for package options (HO)
)
\@linkdim=\dimen109
\Hy@linkcounter=\count96
\Hy@pagecounter=\count97

(/usr/local/texlive/2013/texmf-dist/tex/latex/hyperref/pd1enc.def
File: pd1enc.def 2012/11/06 v6.83m Hyperref: PDFDocEncoding definition (HO)
Now handling font encoding PD1 ...
... no UTF-8 mapping file for font encoding PD1
)
\Hy@SavedSpaceFactor=\count98

(/usr/local/texlive/2013/texmf-dist/tex/latex/latexconfig/hyperref.cfg
File: hyperref.cfg 2002/06/06 v1.2 hyperref configuration of TeXLive
)
Package hyperref Info: Option `unicode' set `true' on input line 4319.

(/usr/local/texlive/2013/texmf-dist/tex/latex/hyperref/puenc.def
File: puenc.def 2012/11/06 v6.83m Hyperref: PDF Unicode definition (HO)
Now handling font encoding PU ...
... no UTF-8 mapping file for font encoding PU
)
Package hyperref Info: Hyper figures OFF on input line 4443.
Package hyperref Info: Link nesting OFF on input line 4448.
Package hyperref Info: Hyper index ON on input line 4451.
Package hyperref Info: Plain pages OFF on input line 4458.
Package hyperref Info: Backreferencing OFF on input line 4463.
Package hyperref Info: Implicit mode ON; LaTeX internals redefined.
Package hyperref Info: Bookmarks ON on input line 4688.
\c@Hy@tempcnt=\count99

(/usr/local/texlive/2013/texmf-dist/tex/latex/url/url.sty
\Urlmuskip=\muskip10
Package: url 2006/04/12  ver 3.3  Verb mode for urls, etc.
)
LaTeX Info: Redefining \url on input line 5041.
\XeTeXLinkMargin=\dimen110
\Fld@menulength=\count100
\Field@Width=\dimen111
\Fld@charsize=\dimen112
Package hyperref Info: Hyper figures OFF on input line 6295.
Package hyperref Info: Link nesting OFF on input line 6300.
Package hyperref Info: Hyper index ON on input line 6303.
Package hyperref Info: backreferencing OFF on input line 6310.
Package hyperref Info: Link coloring OFF on input line 6315.
Package hyperref Info: Link coloring with OCG OFF on input line 6320.
Package hyperref Info: PDF/A mode OFF on input line 6325.
LaTeX Info: Redefining \ref on input line 6365.
LaTeX Info: Redefining \pageref on input line 6369.
\Hy@abspage=\count101
\c@Item=\count102
\c@Hfootnote=\count103
)

Package hyperref Message: Driver: hdvips.

(/usr/local/texlive/2013/texmf-dist/tex/latex/hyperref/hdvips.def
File: hdvips.def 2012/11/06 v6.83m Hyperref driver for dvips

(/usr/local/texlive/2013/texmf-dist/tex/latex/hyperref/pdfmark.def
File: pdfmark.def 2012/11/06 v6.83m Hyperref definitions for pdfmark specials
\pdf@docset=\toks26
\pdf@box=\box28
\pdf@toks=\toks27
\pdf@defaulttoks=\toks28
\HyField@AnnotCount=\count104
\Fld@listcount=\count105
\c@bookmark@seq@number=\count106

(/usr/local/texlive/2013/texmf-dist/tex/latex/oberdiek/rerunfilecheck.sty
Package: rerunfilecheck 2011/04/15 v1.7 Rerun checks for auxiliary files (HO)
Package uniquecounter Info: New unique counter `rerunfilecheck' on input line 2
82.
)
\Hy@SectionHShift=\skip46
))
(./prace.aux (./uvod.aux) (./kap1.aux) (./preklad.aux) (./kap2.aux)
(./html5.aux) (./zprovozneni.aux) (./evaluace.aux) (./zaver.aux)
(./literatura.aux))
\openout1 = `prace.aux'.

LaTeX Font Info:    Checking defaults for OML/cmm/m/it on input line 75.
LaTeX Font Info:    ... okay on input line 75.
LaTeX Font Info:    Checking defaults for T1/cmr/m/n on input line 75.
LaTeX Font Info:    ... okay on input line 75.
LaTeX Font Info:    Checking defaults for OT1/cmr/m/n on input line 75.
LaTeX Font Info:    ... okay on input line 75.
LaTeX Font Info:    Checking defaults for IL2/cmr/m/n on input line 75.
LaTeX Font Info:    ... okay on input line 75.
LaTeX Font Info:    Checking defaults for OMS/cmsy/m/n on input line 75.
LaTeX Font Info:    ... okay on input line 75.
LaTeX Font Info:    Checking defaults for OMX/cmex/m/n on input line 75.
LaTeX Font Info:    ... okay on input line 75.
LaTeX Font Info:    Checking defaults for U/cmr/m/n on input line 75.
LaTeX Font Info:    ... okay on input line 75.
LaTeX Font Info:    Checking defaults for PD1/pdf/m/n on input line 75.
LaTeX Font Info:    ... okay on input line 75.
LaTeX Font Info:    Checking defaults for PU/pdf/m/n on input line 75.
LaTeX Font Info:    ... okay on input line 75.
\c@lstlisting=\count107
\AtBeginShipoutBox=\box29
Package hyperref Info: Link coloring OFF on input line 75.

(/usr/local/texlive/2013/texmf-dist/tex/latex/hyperref/nameref.sty
Package: nameref 2012/10/27 v2.43 Cross-referencing by name of section

(/usr/local/texlive/2013/texmf-dist/tex/generic/oberdiek/gettitlestring.sty
Package: gettitlestring 2010/12/03 v1.4 Cleanup title references (HO)
)
\c@section@level=\count108
)
LaTeX Info: Redefining \ref on input line 75.
LaTeX Info: Redefining \pageref on input line 75.
LaTeX Info: Redefining \nameref on input line 75.

(./prace.out) (./prace.out)
\@outlinefile=\write3
\openout3 = `prace.out'.

File: logo.eps Graphic file (type eps)
 <logo.eps>
LaTeX Font Info:    External font `cmex10' loaded for size
(Font)              <14.4> on input line 134.
LaTeX Font Info:    External font `cmex10' loaded for size
(Font)              <7> on input line 134.
 [1

] [2

]
LaTeX Font Info:    Try loading font information for OMS+cmr on input line 177.


(/usr/local/texlive/2013/texmf-dist/tex/latex/base/omscmr.fd
File: omscmr.fd 1999/05/25 v2.5h Standard LaTeX font definitions
)
LaTeX Font Info:    Font shape `OMS/cmr/m/n' in size <12> not available
(Font)              Font shape `OMS/cmsy/m/n' tried instead on input line 177.
 [3] [4]
(./prace.toc
LaTeX Font Info:    External font `cmex10' loaded for size
(Font)              <12> on input line 3.
LaTeX Font Info:    External font `cmex10' loaded for size
(Font)              <8> on input line 3.
LaTeX Font Info:    External font `cmex10' loaded for size
(Font)              <6> on input line 3.

Overfull \hbox (19.98756pt too wide) in paragraph at lines 21--21
 [][] [] [][]  
 []

[1


])
\tf@toc=\write4
\openout4 = `prace.toc'.

 [2]
\openout2 = `uvod.aux'.

 (./uvod.tex
Kapitola 1.
LaTeX Font Info:    External font `cmex10' loaded for size
(Font)              <5> on input line 20.
[3


] [4]
Kapitola 2.
) [5

]
\openout2 = `kap1.aux'.

 (./kap1.tex
Kapitola 3.
LaTeX Font Info:    Try loading font information for IL2+cmtt on input line 10.

(/usr/local/texlive/2013/texmf-dist/tex/cslatex/base/il2cmtt.fd
File: il2cmtt.fd 1997/08/20 CSLaTeX font definitions
) [6



] [7])
[8]
\openout2 = `preklad.aux'.

 (./preklad.tex
Kapitola 4.
) [9



]
\openout2 = `kap2.aux'.

 (./kap2.tex
Kapitola 5.
[10



]
! Missing $ inserted.
<inserted text> 
                $
l.34 ...3^^a1t wantoning otev^^c5^^99en^^c3^^bd" ^
                                                   M
? 
! Missing $ inserted.
<inserted text> 
                $
l.35 
     
? 
! Missing $ inserted.
<inserted text> 
                $
l.37 ...years cleaning toothbrush underwear bras"^
                                                  M
? 
! Missing $ inserted.
<inserted text> 
                $
l.38 
     
? 

Overfull \hbox (8.69873pt too wide) in paragraph at lines 36--38
[]\IL2/cmr/m/n/12 Preklad ji-ne-ho ob-raz-ku: "0000000102","young wo-man cle-a-
ning te-eth","","single
 []

! Missing $ inserted.
<inserted text> 
                $
l.40 ...art^^c3^^a1^^c4^^8dek pr^^c3^^a1dlo bras"^
                                                  M|UNK|UNK|UNK p^^c3^^a9^^c...

? 

LaTeX Warning: Command \' invalid in math mode on input line 40.


LaTeX Warning: Command \v invalid in math mode on input line 40.


LaTeX Warning: Command \v invalid in math mode on input line 40.


LaTeX Warning: Command \v invalid in math mode on input line 40.


LaTeX Warning: Command \v invalid in math mode on input line 40.


LaTeX Warning: Command \' invalid in math mode on input line 40.

! Missing $ inserted.
<inserted text> 
                $
l.41 
     
? 
Missing character: There is no ^^e9 in font cmmi12!
Missing character: There is no ^^e8 in font cmmi12!
Missing character: There is no ^^e8 in font cmmi12!
Missing character: There is no ^^b9 in font cmmi12!
Missing character: There is no ^^ec in font cmmi12!
Missing character: There is no ^^ed in font cmmi12!

Overfull \hbox (131.70033pt too wide) in paragraph at lines 39--41
[]\IL2/cmr/m/n/12 Moses: "0000000102","young|UNK|UNK|UNK ^^bee-na ^^e8i^^b9-t^^
ec-n^^ed te-eth","","single|UNK|UNK|UNK
 []


Overfull \hbox (9.32535pt too wide) in paragraph at lines 39--41
\IL2/cmr/m/n/12 v^^f8e-n^^e9 ^^fast hy-gi-e-nic-k^^e9 zu-by zub-n^^ed kar-t^^e1
-^^e8ek pr^^e1dlo bras"$[]\OMS/cmsy/m/n/12 j\OML/cmm/m/it/12 UNK\OMS/cmsy/m/n/1
2 j\OML/cmm/m/it/12 UNK\OMS/cmsy/m/n/12 j\OML/cmm/m/it/12 UNKpeletitn$ 
 []

! Missing $ inserted.
<inserted text> 
                $
l.43 ... spodn^^c3^^ad pr^^c3^^a1dlo podprsenky "^
                                                   M
? 
! Missing $ inserted.
<inserted text> 
                $
l.44 
     
? 
! You can't use `macro parameter character #' in horizontal mode.
l.48 mail: https://mail.google.com/mail/u/0/#
                                             search/pecina+%C3%BAkoly+ze+sch...

? 

Overfull \hbox (45.31918pt too wide) in paragraph at lines 46--49
[]\IL2/cmr/m/n/12 Detekovane fra-ze: http://mufin.fi.muni.cz/ xbatko/keyword-cl
ean-phrase-export.csv.gz
 []

! Missing $ inserted.
<inserted text> 
                $
l.52  wc phrases_
                 list.txt
? 
! Missing $ inserted.
<inserted text> 
                $
l.55 
     
? 

Overfull \hbox (37.2247pt too wide) in paragraph at lines 51--55
[]\IL2/cmr/m/n/12 export fra-zi bez ome-ze-ni: wc phrases$[]\OML/cmm/m/it/12 is
t:txt\IL2/cmr/m/n/12 1143513515183137131575\OML/cmm/m/it/12 phrases[]ist:txt \O
MS/cmsy/m/n/12 ^^@
 []

! Missing $ inserted.
<inserted text> 
                $
l.57  wc phrases_
                 list.txt
? 
! Missing $ inserted.
<inserted text> 
                $
l.59 
     
? 

Overfull \hbox (79.19914pt too wide) in paragraph at lines 56--59
[]\IL2/cmr/m/n/12 omezeni na ma-xi-mal-ni del-ku 4 slo-va: wc phrases$[]\OML/cm
m/m/it/12 ist:txt\IL2/cmr/m/n/12 899244220461615677087\OML/cmm/m/it/12 phrases[
]ist:txt$ 
 []


Overfull \hbox (21.46248pt too wide) in paragraph at lines 61--63
[]\IL2/cmr/m/n/12 extrakce fra-zi: http://stackoverflow.com/questions/1643616/a
lgorithms-to-detect-
 []

! Missing $ inserted.
<inserted text> 
                $
l.74 /data/wiki_
                dump_cs.xml
? 
! Missing $ inserted.
<inserted text> 
                $
l.78 
     
? 

Overfull \hbox (11.9973pt too wide) in paragraph at lines 72--78
[]\IL2/cmr/m/n/12 Cesky dump: http://dumps.wikimedia.org/cswiki/20140612/ a csw
iki-20140612-
 []


Overfull \hbox (171.24666pt too wide) in paragraph at lines 72--78
\IL2/cmr/m/n/12 pages-articles-multistream.xml.bz2 /data/wiki$[]\OML/cmm/m/it/1
2 ump[]s:xmlrakees \IL2/cmr/m/n/12 : \OML/cmm/m/it/12 extract[]ords[]rom[]iki\I
L2/cmr/m/n/12 [\OML/cmm/m/it/12 cs\IL2/cmr/m/n/12 ]\OML/cmm/m/it/12 extrakcedoi
d\IL2/cmr/m/n/12 50000 \OML/cmm/m/it/12 >
 []


Overfull \hbox (20.35364pt too wide) in paragraph at lines 72--78
\IL2/cmr/m/n/12 60\OML/cmm/m/it/12 MBtextucestinaobsahujenazacatkuhodnekratkych
vygenerovanychclankutypu >
 []

! Missing $ inserted.
<inserted text> 
                $
l.80 ...thepiratebay.se/torrent/8114722/Wikipedia_
                                                  2013_English_DUMP
? 
! Missing $ inserted.
<inserted text> 
                $
l.84 
     
? 

Overfull \hbox (308.41069pt too wide) in paragraph at lines 79--84
[]\IL2/cmr/m/n/12 Anglicky dump: torrent z pi-ra-te-bay http://thepiratebay.se/
torrent/8114722/Wikipedia$[]013[]\OML/cmm/m/it/12 nglish[]UMP=data=wiki[]ump[]n
:xmlrakees \IL2/cmr/m/n/12 :
 []

[11]
! Missing $ inserted.
<inserted text> 
                $
l.88 rake es:extract_
                     most_frequent_trigrams
? 
! Missing $ inserted.
<inserted text> 
                $
l.89 
     
? 

Overfull \hbox (59.3413pt too wide) in paragraph at lines 96--98
[]\IL2/cmr/m/n/12 prekladova da-ta: moses - http://www.statmt.org/moses/RELEASE
-2.1/binaries/macosx-
 []

) [12]
\openout2 = `html5.aux'.

 (./html5.tex
Kapitola 6.
[13



]) [14]
\openout2 = `zprovozneni.aux'.

 (./zprovozneni.tex
Kapitola 7.
(/usr/local/texlive/2013/texmf-dist/tex/latex/listings/lstlang1.sty
File: lstlang1.sty 2004/09/05 1.3 listings language file
)
(/usr/local/texlive/2013/texmf-dist/tex/latex/listings/lstlang1.sty
File: lstlang1.sty 2004/09/05 1.3 listings language file
) [15



]

! Package inputenc Error: Unicode char \u8:^^c3\expandafter not set up for use 
with LaTeX.

See the inputenc package documentation for explanation.
Type  H <return>  for immediate help.
 ...                                              
                                                  
l.37 ...3","little|UNK|UNK|UNK d^^c3^^adt^^c4^^9b 
                                                  smiling","","child|UNK|UNK...

? 

! Package inputenc Error: Keyboard character used is undefined
(inputenc)                in inputencoding `utf8'.

See the inputenc package documentation for explanation.
Type  H <return>  for immediate help.
 ...                                              
                                                  
l.37 ...3","little|UNK|UNK|UNK d^^c3^^adt^^c4^^9b 
                                                  smiling","","child|UNK|UNK...

? 

! Package inputenc Error: Unicode char \u8:^^c4\expandafter not set up for use 
with LaTeX.

See the inputenc package documentation for explanation.
Type  H <return>  for immediate help.
 ...                                              
                                                  
l.37 ...3","little|UNK|UNK|UNK d^^c3^^adt^^c4^^9b 
                                                  smiling","","child|UNK|UNK...

? 

! Package inputenc Error: Keyboard character used is undefined
(inputenc)                in inputencoding `utf8'.

See the inputenc package documentation for explanation.
Type  H <return>  for immediate help.
 ...                                              
                                                  
l.37 ...3","little|UNK|UNK|UNK d^^c3^^adt^^c4^^9b 
                                                  smiling","","child|UNK|UNK...

? 

! Package inputenc Error: Unicode char \u8:^^c4\expandafter not set up for use 
with LaTeX.

See the inputenc package documentation for explanation.
Type  H <return>  for immediate help.
 ...                                              
                                                  
l.37 ...,"","child|UNK|UNK|UNK d^^c4^^9bt^^c3^^ad 
                                                  , d^^c4^^9btsk^^c3^^a9 d^^...

? 

! Package inputenc Error: Keyboard character used is undefined
(inputenc)                in inputencoding `utf8'.

See the inputenc package documentation for explanation.
Type  H <return>  for immediate help.
 ...                                              
                                                  
l.37 ...,"","child|UNK|UNK|UNK d^^c4^^9bt^^c3^^ad 
                                                  , d^^c4^^9btsk^^c3^^a9 d^^...

? 

! Package inputenc Error: Unicode char \u8:^^c3\expandafter not set up for use 
with LaTeX.

See the inputenc package documentation for explanation.
Type  H <return>  for immediate help.
 ...                                              
                                                  
l.37 ...,"","child|UNK|UNK|UNK d^^c4^^9bt^^c3^^ad 
                                                  , d^^c4^^9btsk^^c3^^a9 d^^...

? 

! Package inputenc Error: Keyboard character used is undefined
(inputenc)                in inputencoding `utf8'.

See the inputenc package documentation for explanation.
Type  H <return>  for immediate help.
 ...                                              
                                                  
l.37 ...,"","child|UNK|UNK|UNK d^^c4^^9bt^^c3^^ad 
                                                  , d^^c4^^9btsk^^c3^^a9 d^^...

? 

! Package inputenc Error: Unicode char \u8:^^c4\expandafter not set up for use 
with LaTeX.

See the inputenc package documentation for explanation.
Type  H <return>  for immediate help.
 ...                                              
                                                  
l.37 ...d^^c4^^9bt^^c3^^ad , d^^c4^^9btsk^^c3^^a9 
                                                  d^^c4^^9bti kojence d^^c4^...

? 

! Package inputenc Error: Keyboard character used is undefined
(inputenc)                in inputencoding `utf8'.

See the inputenc package documentation for explanation.
Type  H <return>  for immediate help.
 ...                                              
                                                  
l.37 ...d^^c4^^9bt^^c3^^ad , d^^c4^^9btsk^^c3^^a9 
                                                  d^^c4^^9bti kojence d^^c4^...

? 

! Package inputenc Error: Unicode char \u8:^^c3\expandafter not set up for use 
with LaTeX.

See the inputenc package documentation for explanation.
Type  H <return>  for immediate help.
 ...                                              
                                                  
l.37 ...d^^c4^^9bt^^c3^^ad , d^^c4^^9btsk^^c3^^a9 
                                                  d^^c4^^9bti kojence d^^c4^...

? 

! Package inputenc Error: Keyboard character used is undefined
(inputenc)                in inputencoding `utf8'.

See the inputenc package documentation for explanation.
Type  H <return>  for immediate help.
 ...                                              
                                                  
l.37 ...d^^c4^^9bt^^c3^^ad , d^^c4^^9btsk^^c3^^a9 
                                                  d^^c4^^9bti kojence d^^c4^...

? 

! Package inputenc Error: Unicode char \u8:^^c4\expandafter not set up for use 
with LaTeX.

See the inputenc package documentation for explanation.
Type  H <return>  for immediate help.
 ...                                              
                                                  
l.37 ...c3^^ad , d^^c4^^9btsk^^c3^^a9 d^^c4^^9bti 
                                                  kojence d^^c4^^9bti d^^c4^...

? 

! Package inputenc Error: Keyboard character used is undefined
(inputenc)                in inputencoding `utf8'.

See the inputenc package documentation for explanation.
Type  H <return>  for immediate help.
 ...                                              
                                                  
l.37 ...c3^^ad , d^^c4^^9btsk^^c3^^a9 d^^c4^^9bti 
                                                  kojence d^^c4^^9bti d^^c4^...

? 

! Package inputenc Error: Unicode char \u8:^^c4\expandafter not set up for use 
with LaTeX.

See the inputenc package documentation for explanation.
Type  H <return>  for immediate help.
 ...                                              
                                                  
l.37 ...k^^c3^^a9 d^^c4^^9bti kojence d^^c4^^9bti 
                                                  d^^c4^^9btstv^^c3^^ad jedn...

? 

! Package inputenc Error: Keyboard character used is undefined
(inputenc)                in inputencoding `utf8'.

See the inputenc package documentation for explanation.
Type  H <return>  for immediate help.
 ...                                              
                                                  
l.37 ...k^^c3^^a9 d^^c4^^9bti kojence d^^c4^^9bti 
                                                  d^^c4^^9btstv^^c3^^ad jedn...

? 

! Package inputenc Error: Unicode char \u8:^^c4\expandafter not set up for use 
with LaTeX.

See the inputenc package documentation for explanation.
Type  H <return>  for immediate help.
 ...                                              
                                                  
l.37 ...kojence d^^c4^^9bti d^^c4^^9btstv^^c3^^ad 
                                                  jednotn^^c3^^a9ho ^^c4^^8d...

? 

! Package inputenc Error: Keyboard character used is undefined
(inputenc)                in inputencoding `utf8'.

See the inputenc package documentation for explanation.
Type  H <return>  for immediate help.
 ...                                              
                                                  
l.37 ...kojence d^^c4^^9bti d^^c4^^9btstv^^c3^^ad 
                                                  jednotn^^c3^^a9ho ^^c4^^8d...

? 

! Package inputenc Error: Unicode char \u8:^^c3\expandafter not set up for use 
with LaTeX.

See the inputenc package documentation for explanation.
Type  H <return>  for immediate help.
 ...                                              
                                                  
l.37 ...kojence d^^c4^^9bti d^^c4^^9btstv^^c3^^ad 
                                                  jednotn^^c3^^a9ho ^^c4^^8d...

? 

! Package inputenc Error: Keyboard character used is undefined
(inputenc)                in inputencoding `utf8'.

See the inputenc package documentation for explanation.
Type  H <return>  for immediate help.
 ...                                              
                                                  
l.37 ...kojence d^^c4^^9bti d^^c4^^9btstv^^c3^^ad 
                                                  jednotn^^c3^^a9ho ^^c4^^8d...

? 

! Package inputenc Error: Unicode char \u8:^^c3\expandafter not set up for use 
with LaTeX.

See the inputenc package documentation for explanation.
Type  H <return>  for immediate help.
 ...                                              
                                                  
l.37 ...i d^^c4^^9btstv^^c3^^ad jednotn^^c3^^a9ho 
                                                  ^^c4^^8del^^c3^^ad org^^c3...

? 

! Package inputenc Error: Keyboard character used is undefined
(inputenc)                in inputencoding `utf8'.

See the inputenc package documentation for explanation.
Type  H <return>  for immediate help.
 ...                                              
                                                  
l.37 ...i d^^c4^^9btstv^^c3^^ad jednotn^^c3^^a9ho 
                                                  ^^c4^^8del^^c3^^ad org^^c3...

? 

! Package inputenc Error: Unicode char \u8:^^c4\lst@FillFixed@ not set up for u
se with LaTeX.

See the inputenc package documentation for explanation.
Type  H <return>  for immediate help.
 ...                                              
                                                  
l.37 ...^^ad jednotn^^c3^^a9ho ^^c4^^8del^^c3^^ad 
                                                  org^^c3^^a1n nah^^c3^^a9 n...

? 

! Package inputenc Error: Keyboard character used is undefined
(inputenc)                in inputencoding `utf8'.

See the inputenc package documentation for explanation.
Type  H <return>  for immediate help.
 ...                                              
                                                  
l.37 ...^^ad jednotn^^c3^^a9ho ^^c4^^8del^^c3^^ad 
                                                  org^^c3^^a1n nah^^c3^^a9 n...

? 

! Package inputenc Error: Unicode char \u8:^^c3\lst@EC^^ad not set up for use w
ith LaTeX.

See the inputenc package documentation for explanation.
Type  H <return>  for immediate help.
 ...                                              
                                                  
l.37 ...^^ad jednotn^^c3^^a9ho ^^c4^^8del^^c3^^ad 
                                                  org^^c3^^a1n nah^^c3^^a9 n...

? 

! Package inputenc Error: Unicode char \u8:^^c3\expandafter not set up for use 
with LaTeX.

See the inputenc package documentation for explanation.
Type  H <return>  for immediate help.
 ...                                              
                                                  
l.37 ...^c3^^a9ho ^^c4^^8del^^c3^^ad org^^c3^^a1n 
                                                  nah^^c3^^a9 nake|UNK|UNK|U...

? 

! Package inputenc Error: Keyboard character used is undefined
(inputenc)                in inputencoding `utf8'.

See the inputenc package documentation for explanation.
Type  H <return>  for immediate help.
 ...                                              
                                                  
l.37 ...^c3^^a9ho ^^c4^^8del^^c3^^ad org^^c3^^a1n 
                                                  nah^^c3^^a9 nake|UNK|UNK|U...

? 

! Package inputenc Error: Unicode char \u8:^^c3\expandafter not set up for use 
with LaTeX.

See the inputenc package documentation for explanation.
Type  H <return>  for immediate help.
 ...                                              
                                                  
l.37 ...c4^^8del^^c3^^ad org^^c3^^a1n nah^^c3^^a9 
                                                  nake|UNK|UNK|UNK po^^c5^^9...

? 

! Package inputenc Error: Keyboard character used is undefined
(inputenc)                in inputencoding `utf8'.

See the inputenc package documentation for explanation.
Type  H <return>  for immediate help.
 ...                                              
                                                  
l.37 ...c4^^8del^^c3^^ad org^^c3^^a1n nah^^c3^^a9 
                                                  nake|UNK|UNK|UNK po^^c5^^9...

? 

! Package inputenc Error: Unicode char \u8:^^c5\expandafter not set up for use 
with LaTeX.

See the inputenc package documentation for explanation.
Type  H <return>  for immediate help.
 ...                                              
                                                  
l.37 ...9 nake|UNK|UNK|UNK po^^c5^^99^^c3^^addili 
                                                  vyj^^c3^^a1d^^c5^^99en^^c3...

? 

! Package inputenc Error: Keyboard character used is undefined
(inputenc)                in inputencoding `utf8'.

See the inputenc package documentation for explanation.
Type  H <return>  for immediate help.
 ...                                              
                                                  
l.37 ...9 nake|UNK|UNK|UNK po^^c5^^99^^c3^^addili 
                                                  vyj^^c3^^a1d^^c5^^99en^^c3...

? 

! Package inputenc Error: Unicode char \u8:^^c3\expandafter not set up for use 
with LaTeX.

See the inputenc package documentation for explanation.
Type  H <return>  for immediate help.
 ...                                              
                                                  
l.37 ...9 nake|UNK|UNK|UNK po^^c5^^99^^c3^^addili 
                                                  vyj^^c3^^a1d^^c5^^99en^^c3...

? 

! Package inputenc Error: Keyboard character used is undefined
(inputenc)                in inputencoding `utf8'.

See the inputenc package documentation for explanation.
Type  H <return>  for immediate help.
 ...                                              
                                                  
l.37 ...9 nake|UNK|UNK|UNK po^^c5^^99^^c3^^addili 
                                                  vyj^^c3^^a1d^^c5^^99en^^c3...

? 

! Package inputenc Error: Unicode char \u8:^^c3\expandafter not set up for use 
with LaTeX.

See the inputenc package documentation for explanation.
Type  H <return>  for immediate help.
 ...                                              
                                                  
l.37 ...c3^^addili vyj^^c3^^a1d^^c5^^99en^^c3^^ad 
                                                  usm^^c3^^advat usm^^c3^^ad...

? 

! Package inputenc Error: Keyboard character used is undefined
(inputenc)                in inputencoding `utf8'.

See the inputenc package documentation for explanation.
Type  H <return>  for immediate help.
 ...                                              
                                                  
l.37 ...c3^^addili vyj^^c3^^a1d^^c5^^99en^^c3^^ad 
                                                  usm^^c3^^advat usm^^c3^^ad...

? 

! Package inputenc Error: Unicode char \u8:^^c5\expandafter not set up for use 
with LaTeX.

See the inputenc package documentation for explanation.
Type  H <return>  for immediate help.
 ...                                              
                                                  
l.37 ...c3^^addili vyj^^c3^^a1d^^c5^^99en^^c3^^ad 
                                                  usm^^c3^^advat usm^^c3^^ad...

? 

! Package inputenc Error: Keyboard character used is undefined
(inputenc)                in inputencoding `utf8'.

See the inputenc package documentation for explanation.
Type  H <return>  for immediate help.
 ...                                              
                                                  
l.37 ...c3^^addili vyj^^c3^^a1d^^c5^^99en^^c3^^ad 
                                                  usm^^c3^^advat usm^^c3^^ad...

? 

! Package inputenc Error: Unicode char \u8:^^c3\expandafter not set up for use 
with LaTeX.

See the inputenc package documentation for explanation.
Type  H <return>  for immediate help.
 ...                                              
                                                  
l.37 ...c3^^addili vyj^^c3^^a1d^^c5^^99en^^c3^^ad 
                                                  usm^^c3^^advat usm^^c3^^ad...

? 

! Package inputenc Error: Keyboard character used is undefined
(inputenc)                in inputencoding `utf8'.

See the inputenc package documentation for explanation.
Type  H <return>  for immediate help.
 ...                                              
                                                  
l.37 ...c3^^addili vyj^^c3^^a1d^^c5^^99en^^c3^^ad 
                                                  usm^^c3^^advat usm^^c3^^ad...

? 

! Package inputenc Error: Unicode char \u8:^^c3\expandafter not set up for use 
with LaTeX.

See the inputenc package documentation for explanation.
Type  H <return>  for immediate help.
 ...                                              
                                                  
l.37 ...^c3^^a1d^^c5^^99en^^c3^^ad usm^^c3^^advat 
                                                  usm^^c3^^adv^^c3^^a1 od^^c...

? 

! Package inputenc Error: Keyboard character used is undefined
(inputenc)                in inputencoding `utf8'.

See the inputenc package documentation for explanation.
Type  H <return>  for immediate help.
 ...                                              
                                                  
l.37 ...^c3^^a1d^^c5^^99en^^c3^^ad usm^^c3^^advat 
                                                  usm^^c3^^adv^^c3^^a1 od^^c...

? 

! Package inputenc Error: Unicode char \u8:^^c3\expandafter not set up for use 
with LaTeX.

See the inputenc package documentation for explanation.
Type  H <return>  for immediate help.
 ...                                              
                                                  
l.37 ...3^^ad usm^^c3^^advat usm^^c3^^adv^^c3^^a1 
                                                  od^^c5^^afvodn^^c4^^9bn^^c...

? 

! Package inputenc Error: Keyboard character used is undefined
(inputenc)                in inputencoding `utf8'.

See the inputenc package documentation for explanation.
Type  H <return>  for immediate help.
 ...                                              
                                                  
l.37 ...3^^ad usm^^c3^^advat usm^^c3^^adv^^c3^^a1 
                                                  od^^c5^^afvodn^^c4^^9bn^^c...

? 

! Package inputenc Error: Unicode char \u8:^^c3\expandafter not set up for use 
with LaTeX.

See the inputenc package documentation for explanation.
Type  H <return>  for immediate help.
 ...                                              
                                                  
l.37 ...3^^ad usm^^c3^^advat usm^^c3^^adv^^c3^^a1 
                                                  od^^c5^^afvodn^^c4^^9bn^^c...

? 

! Package inputenc Error: Keyboard character used is undefined
(inputenc)                in inputencoding `utf8'.

See the inputenc package documentation for explanation.
Type  H <return>  for immediate help.
 ...                                              
                                                  
l.37 ...3^^ad usm^^c3^^advat usm^^c3^^adv^^c3^^a1 
                                                  od^^c5^^afvodn^^c4^^9bn^^c...

? 

! Package inputenc Error: Unicode char \u8:^^c5\expandafter not set up for use 
with LaTeX.

See the inputenc package documentation for explanation.
Type  H <return>  for immediate help.
 ...                                              
                                                  
l.37 ...^^c3^^a1 od^^c5^^afvodn^^c4^^9bn^^c3^^adm 
                                                  , kter^^c3^^a1 z^^c3^^a1ba...

? 

! Package inputenc Error: Keyboard character used is undefined
(inputenc)                in inputencoding `utf8'.

See the inputenc package documentation for explanation.
Type  H <return>  for immediate help.
 ...                                              
                                                  
l.37 ...^^c3^^a1 od^^c5^^afvodn^^c4^^9bn^^c3^^adm 
                                                  , kter^^c3^^a1 z^^c3^^a1ba...

? 

! Package inputenc Error: Unicode char \u8:^^c4\expandafter not set up for use 
with LaTeX.

See the inputenc package documentation for explanation.
Type  H <return>  for immediate help.
 ...                                              
                                                  
l.37 ...^^c3^^a1 od^^c5^^afvodn^^c4^^9bn^^c3^^adm 
                                                  , kter^^c3^^a1 z^^c3^^a1ba...

? 

! Package inputenc Error: Keyboard character used is undefined
(inputenc)                in inputencoding `utf8'.

See the inputenc package documentation for explanation.
Type  H <return>  for immediate help.
 ...                                              
                                                  
l.37 ...^^c3^^a1 od^^c5^^afvodn^^c4^^9bn^^c3^^adm 
                                                  , kter^^c3^^a1 z^^c3^^a1ba...

? 

! Package inputenc Error: Unicode char \u8:^^c3\expandafter not set up for use 
with LaTeX.

See the inputenc package documentation for explanation.
Type  H <return>  for immediate help.
 ...                                              
                                                  
l.37 ...^^c3^^a1 od^^c5^^afvodn^^c4^^9bn^^c3^^adm 
                                                  , kter^^c3^^a1 z^^c3^^a1ba...

? 

! Package inputenc Error: Keyboard character used is undefined
(inputenc)                in inputencoding `utf8'.

See the inputenc package documentation for explanation.
Type  H <return>  for immediate help.
 ...                                              
                                                  
l.37 ...^^c3^^a1 od^^c5^^afvodn^^c4^^9bn^^c3^^adm 
                                                  , kter^^c3^^a1 z^^c3^^a1ba...

? 

! Package inputenc Error: Unicode char \u8:^^c3\expandafter not set up for use 
with LaTeX.

See the inputenc package documentation for explanation.
Type  H <return>  for immediate help.
 ...                                              
                                                  
l.37 ...^^afvodn^^c4^^9bn^^c3^^adm , kter^^c3^^a1 
                                                  z^^c3^^a1bavn^^c3^^a9 sled...

? 

! Package inputenc Error: Keyboard character used is undefined
(inputenc)                in inputencoding `utf8'.

See the inputenc package documentation for explanation.
Type  H <return>  for immediate help.
 ...                                              
                                                  
l.37 ...^^afvodn^^c4^^9bn^^c3^^adm , kter^^c3^^a1 
                                                  z^^c3^^a1bavn^^c3^^a9 sled...

? 

! Package inputenc Error: Unicode char \u8:^^c3\expandafter not set up for use 
with LaTeX.

See the inputenc package documentation for explanation.
Type  H <return>  for immediate help.
 ...                                              
                                                  
l.37 ...^adm , kter^^c3^^a1 z^^c3^^a1bavn^^c3^^a9 
                                                  sledovat z^^c3^^a1bavn^^c3...

? 

! Package inputenc Error: Keyboard character used is undefined
(inputenc)                in inputencoding `utf8'.

See the inputenc package documentation for explanation.
Type  H <return>  for immediate help.
 ...                                              
                                                  
l.37 ...^adm , kter^^c3^^a1 z^^c3^^a1bavn^^c3^^a9 
                                                  sledovat z^^c3^^a1bavn^^c3...

? 

! Package inputenc Error: Unicode char \u8:^^c3\expandafter not set up for use 
with LaTeX.

See the inputenc package documentation for explanation.
Type  H <return>  for immediate help.
 ...                                              
                                                  
l.37 ...^adm , kter^^c3^^a1 z^^c3^^a1bavn^^c3^^a9 
                                                  sledovat z^^c3^^a1bavn^^c3...

? 

! Package inputenc Error: Keyboard character used is undefined
(inputenc)                in inputencoding `utf8'.

See the inputenc package documentation for explanation.
Type  H <return>  for immediate help.
 ...                                              
                                                  
l.37 ...^adm , kter^^c3^^a1 z^^c3^^a1bavn^^c3^^a9 
                                                  sledovat z^^c3^^a1bavn^^c3...

? 

! Package inputenc Error: Unicode char \u8:^^c3\expandafter not set up for use 
with LaTeX.

See the inputenc package documentation for explanation.
Type  H <return>  for immediate help.
 ...                                              
                                                  
l.37 ...vn^^c3^^a9 sledovat z^^c3^^a1bavn^^c3^^a9 
                                                  z^^c3^^a1bavn^^c3^^bdch i ...

? 

! Package inputenc Error: Keyboard character used is undefined
(inputenc)                in inputencoding `utf8'.

See the inputenc package documentation for explanation.
Type  H <return>  for immediate help.
 ...                                              
                                                  
l.37 ...vn^^c3^^a9 sledovat z^^c3^^a1bavn^^c3^^a9 
                                                  z^^c3^^a1bavn^^c3^^bdch i ...

? 

! Package inputenc Error: Unicode char \u8:^^c3\expandafter not set up for use 
with LaTeX.

See the inputenc package documentation for explanation.
Type  H <return>  for immediate help.
 ...                                              
                                                  
l.37 ...vn^^c3^^a9 sledovat z^^c3^^a1bavn^^c3^^a9 
                                                  z^^c3^^a1bavn^^c3^^bdch i ...

? 

! Package inputenc Error: Keyboard character used is undefined
(inputenc)                in inputencoding `utf8'.

See the inputenc package documentation for explanation.
Type  H <return>  for immediate help.
 ...                                              
                                                  
l.37 ...vn^^c3^^a9 sledovat z^^c3^^a1bavn^^c3^^a9 
                                                  z^^c3^^a1bavn^^c3^^bdch i ...

? 

! Package inputenc Error: Unicode char \u8:^^c3\expandafter not set up for use 
with LaTeX.

See the inputenc package documentation for explanation.
Type  H <return>  for immediate help.
 ...                                              
                                                  
l.37 ...3^^a1bavn^^c3^^a9 z^^c3^^a1bavn^^c3^^bdch 
                                                  i pobavena t^^c3^^adm amus...

? 

! Package inputenc Error: Keyboard character used is undefined
(inputenc)                in inputencoding `utf8'.

See the inputenc package documentation for explanation.
Type  H <return>  for immediate help.
 ...                                              
                                                  
l.37 ...3^^a1bavn^^c3^^a9 z^^c3^^a1bavn^^c3^^bdch 
                                                  i pobavena t^^c3^^adm amus...

? 

! Package inputenc Error: Unicode char \u8:^^c3\expandafter not set up for use 
with LaTeX.

See the inputenc package documentation for explanation.
Type  H <return>  for immediate help.
 ...                                              
                                                  
l.37 ...3^^a1bavn^^c3^^a9 z^^c3^^a1bavn^^c3^^bdch 
                                                  i pobavena t^^c3^^adm amus...

? 

! Package inputenc Error: Keyboard character used is undefined
(inputenc)                in inputencoding `utf8'.

See the inputenc package documentation for explanation.
Type  H <return>  for immediate help.
 ...                                              
                                                  
l.37 ...3^^a1bavn^^c3^^a9 z^^c3^^a1bavn^^c3^^bdch 
                                                  i pobavena t^^c3^^adm amus...

? 

! Package inputenc Error: Unicode char \u8:^^c3\expandafter not set up for use 
with LaTeX.

See the inputenc package documentation for explanation.
Type  H <return>  for immediate help.
 ...                                              
                                                  
l.37 ...3^^a1bavn^^c3^^bdch i pobavena t^^c3^^adm 
                                                  amuse|UNK|UNK|UNK dallying...

? 

! Package inputenc Error: Keyboard character used is undefined
(inputenc)                in inputencoding `utf8'.

See the inputenc package documentation for explanation.
Type  H <return>  for immediate help.
 ...                                              
                                                  
l.37 ...3^^a1bavn^^c3^^bdch i pobavena t^^c3^^adm 
                                                  amuse|UNK|UNK|UNK dallying...

? 

! Package inputenc Error: Unicode char \u8:^^c3\expandafter not set up for use 
with LaTeX.

See the inputenc package documentation for explanation.
Type  H <return>  for immediate help.
 ...                                              
                                                  
l.37 ...UNK|UNK frolicing|UNK|UNK|UNK hr^^c3^^a1t 
                                                  wantoning|UNK|UNK|UNK open...

? 

! Package inputenc Error: Keyboard character used is undefined
(inputenc)                in inputencoding `utf8'.

See the inputenc package documentation for explanation.
Type  H <return>  for immediate help.
 ...                                              
                                                  
l.37 ...UNK|UNK frolicing|UNK|UNK|UNK hr^^c3^^a1t 
                                                  wantoning|UNK|UNK|UNK open...

? 
) [16]
\openout2 = `evaluace.aux'.

 (./evaluace.tex
Kapitola 8.
) [17



]
\openout2 = `zaver.aux'.

 (./zaver.tex
Kapitola 9.
) [18



]
\openout2 = `literatura.aux'.

 (./literatura.tex) [19



] [20


] [21

] [22

]
Package atveryend Info: Empty hook `BeforeClearDocument' on input line 288.
Package atveryend Info: Empty hook `AfterLastShipout' on input line 288.
 (./prace.aux (./uvod.aux)
(./kap1.aux) (./preklad.aux) (./kap2.aux) (./html5.aux) (./zprovozneni.aux)
(./evaluace.aux) (./zaver.aux) (./literatura.aux))
Package atveryend Info: Empty hook `AtVeryEndDocument' on input line 288.
Package atveryend Info: Executing hook `AtEndAfterFileList' on input line 288.
Package rerunfilecheck Info: File `prace.out' has not changed.
(rerunfilecheck)             Checksum: 50D0410D2933728A060AFFBFB44D73C9;7617.
Package atveryend Info: Empty hook `AtVeryVeryEnd' on input line 288.
 ) 
Here is how much of TeX's memory you used:
 10716 strings out of 494923
 145594 string characters out of 6180164
 255321 words of memory out of 5000000
 13899 multiletter control sequences out of 15000+600000
 17313 words of font info for 43 fonts, out of 8000000 for 9000
 24 hyphenation exceptions out of 8191
 36i,8n,53p,751b,1772s stack positions out of 5000i,500n,10000p,200000b,80000s

Output written on prace.dvi (26 pages, 102924 bytes).
